# JRE version: Java(TM) SE Runtime Environment (8.0_73-b02) (build 1.8.0_73-b02)
# Java VM: Java HotSpot(TM) 64-Bit Server VM (25.73-b02 mixed mode windows-amd64 compressed oops)
Heap:
 PSYoungGen      total 71680K, used 22900K [0x00000000d5f00000, 0x00000000dd080000, 0x0000000100000000)
  eden space 66560K, 26% used [0x00000000d5f00000,0x00000000d70607a8,0x00000000da000000)
  from space 5120K, 99% used [0x00000000da000000,0x00000000da4fc990,0x00000000da500000)
  to   space 8704K, 0% used [0x00000000dc800000,0x00000000dc800000,0x00000000dd080000)
 ParOldGen       total 59392K, used 9139K [0x0000000081c00000, 0x0000000085600000, 0x00000000d5f00000)
  object space 59392K, 15% used [0x0000000081c00000,0x00000000824ecd38,0x0000000085600000)
 Metaspace       used 28329K, capacity 28772K, committed 28928K, reserved 1075200K
  class space    used 3421K, capacity 3514K, committed 3584K, reserved 1048576K
GC Heap History (10 events):
Event: 1.046 GC heap before
{Heap before GC invocations=2 (full 0):
 PSYoungGen      total 38400K, used 37804K [0x00000000d5f00000, 0x00000000d8980000, 0x0000000100000000)
  eden space 33280K, 100% used [0x00000000d5f00000,0x00000000d7f80000,0x00000000d7f80000)
  from space 5120K, 88% used [0x00000000d7f80000,0x00000000d83eb038,0x00000000d8480000)
  to   space 5120K, 0% used [0x00000000d8480000,0x00000000d8480000,0x00000000d8980000)
 ParOldGen       total 87552K, used 8K [0x0000000081c00000, 0x0000000087180000, 0x00000000d5f00000)
  object space 87552K, 0% used [0x0000000081c00000,0x0000000081c02000,0x0000000087180000)
 Metaspace       used 14152K, capacity 14368K, committed 14592K, reserved 1062912K
  class space    used 1729K, capacity 1788K, committed 1792K, reserved 1048576K
Event: 1.054 GC heap after
Heap after GC invocations=2 (full 0):
 PSYoungGen      total 38400K, used 5111K [0x00000000d5f00000, 0x00000000daa00000, 0x0000000100000000)
  eden space 33280K, 0% used [0x00000000d5f00000,0x00000000d5f00000,0x00000000d7f80000)
  from space 5120K, 99% used [0x00000000d8480000,0x00000000d897dc08,0x00000000d8980000)
  to   space 5120K, 0% used [0x00000000d7f80000,0x00000000d7f80000,0x00000000d8480000)
 ParOldGen       total 87552K, used 271K [0x0000000081c00000, 0x0000000087180000, 0x00000000d5f00000)
  object space 87552K, 0% used [0x0000000081c00000,0x0000000081c43dd8,0x0000000087180000)
 Metaspace       used 14152K, capacity 14368K, committed 14592K, reserved 1062912K
  class space    used 1729K, capacity 1788K, committed 1792K, reserved 1048576K
}
Event: 1.510 GC heap before
{Heap before GC invocations=3 (full 0):
 PSYoungGen      total 38400K, used 38391K [0x00000000d5f00000, 0x00000000daa00000, 0x0000000100000000)
  eden space 33280K, 100% used [0x00000000d5f00000,0x00000000d7f80000,0x00000000d7f80000)
  from space 5120K, 99% used [0x00000000d8480000,0x00000000d897dc08,0x00000000d8980000)
  to   space 5120K, 0% used [0x00000000d7f80000,0x00000000d7f80000,0x00000000d8480000)
 ParOldGen       total 87552K, used 271K [0x0000000081c00000, 0x0000000087180000, 0x00000000d5f00000)
  object space 87552K, 0% used [0x0000000081c00000,0x0000000081c43dd8,0x0000000087180000)
 Metaspace       used 18462K, capacity 18794K, committed 19072K, reserved 1067008K
  class space    used 2238K, capacity 2345K, committed 2432K, reserved 1048576K
Event: 1.516 GC heap after
Heap after GC invocations=3 (full 0):
 PSYoungGen      total 38400K, used 5119K [0x00000000d5f00000, 0x00000000daa00000, 0x0000000100000000)
  eden space 33280K, 0% used [0x00000000d5f00000,0x00000000d5f00000,0x00000000d7f80000)
  from space 5120K, 99% used [0x00000000d7f80000,0x00000000d847fcd0,0x00000000d8480000)
  to   space 5120K, 0% used [0x00000000da500000,0x00000000da500000,0x00000000daa00000)
 ParOldGen       total 87552K, used 1852K [0x0000000081c00000, 0x0000000087180000, 0x00000000d5f00000)
  object space 87552K, 2% used [0x0000000081c00000,0x0000000081dcf048,0x0000000087180000)
 Metaspace       used 18462K, capacity 18794K, committed 19072K, reserved 1067008K
  class space    used 2238K, capacity 2345K, committed 2432K, reserved 1048576K
}
Event: 1.754 GC heap before
{Heap before GC invocations=4 (full 0):
 PSYoungGen      total 38400K, used 33507K [0x00000000d5f00000, 0x00000000daa00000, 0x0000000100000000)
  eden space 33280K, 85% used [0x00000000d5f00000,0x00000000d7ab92d8,0x00000000d7f80000)
  from space 5120K, 99% used [0x00000000d7f80000,0x00000000d847fcd0,0x00000000d8480000)
  to   space 5120K, 0% used [0x00000000da500000,0x00000000da500000,0x00000000daa00000)
 ParOldGen       total 87552K, used 1852K [0x0000000081c00000, 0x0000000087180000, 0x00000000d5f00000)
  object space 87552K, 2% used [0x0000000081c00000,0x0000000081dcf048,0x0000000087180000)
 Metaspace       used 20837K, capacity 21180K, committed 21296K, reserved 1069056K
  class space    used 2533K, capacity 2640K, committed 2688K, reserved 1048576K
Event: 1.760 GC heap after
Heap after GC invocations=4 (full 0):
 PSYoungGen      total 71680K, used 5088K [0x00000000d5f00000, 0x00000000daa00000, 0x0000000100000000)
  eden space 66560K, 0% used [0x00000000d5f00000,0x00000000d5f00000,0x00000000da000000)
  from space 5120K, 99% used [0x00000000da500000,0x00000000da9f80a0,0x00000000daa00000)
  to   space 5120K, 0% used [0x00000000da000000,0x00000000da000000,0x00000000da500000)
 ParOldGen       total 87552K, used 3472K [0x0000000081c00000, 0x0000000087180000, 0x00000000d5f00000)
  object space 87552K, 3% used [0x0000000081c00000,0x0000000081f641a8,0x0000000087180000)
 Metaspace       used 20837K, capacity 21180K, committed 21296K, reserved 1069056K
  class space    used 2533K, capacity 2640K, committed 2688K, reserved 1048576K
}
Event: 1.760 GC heap before
{Heap before GC invocations=5 (full 1):
 PSYoungGen      total 71680K, used 5088K [0x00000000d5f00000, 0x00000000daa00000, 0x0000000100000000)
  eden space 66560K, 0% used [0x00000000d5f00000,0x00000000d5f00000,0x00000000da000000)
  from space 5120K, 99% used [0x00000000da500000,0x00000000da9f80a0,0x00000000daa00000)
  to   space 5120K, 0% used [0x00000000da000000,0x00000000da000000,0x00000000da500000)
 ParOldGen       total 87552K, used 3472K [0x0000000081c00000, 0x0000000087180000, 0x00000000d5f00000)
  object space 87552K, 3% used [0x0000000081c00000,0x0000000081f641a8,0x0000000087180000)
 Metaspace       used 20837K, capacity 21180K, committed 21296K, reserved 1069056K
  class space    used 2533K, capacity 2640K, committed 2688K, reserved 1048576K
Event: 1.786 GC heap after
Heap after GC invocations=5 (full 1):
 PSYoungGen      total 71680K, used 0K [0x00000000d5f00000, 0x00000000daa00000, 0x0000000100000000)
  eden space 66560K, 0% used [0x00000000d5f00000,0x00000000d5f00000,0x00000000da000000)
  from space 5120K, 0% used [0x00000000da500000,0x00000000da500000,0x00000000daa00000)
  to   space 5120K, 0% used [0x00000000da000000,0x00000000da000000,0x00000000da500000)
 ParOldGen       total 59392K, used 6613K [0x0000000081c00000, 0x0000000085600000, 0x00000000d5f00000)
  object space 59392K, 11% used [0x0000000081c00000,0x0000000082275758,0x0000000085600000)
 Metaspace       used 20837K, capacity 21180K, committed 21296K, reserved 1069056K
  class space    used 2533K, capacity 2640K, committed 2688K, reserved 1048576K
}
Event: 2.438 GC heap before
{Heap before GC invocations=6 (full 1):
 PSYoungGen      total 71680K, used 66560K [0x00000000d5f00000, 0x00000000daa00000, 0x0000000100000000)
  eden space 66560K, 100% used [0x00000000d5f00000,0x00000000da000000,0x00000000da000000)
  from space 5120K, 0% used [0x00000000da500000,0x00000000da500000,0x00000000daa00000)
  to   space 5120K, 0% used [0x00000000da000000,0x00000000da000000,0x00000000da500000)
 ParOldGen       total 59392K, used 6613K [0x0000000081c00000, 0x0000000085600000, 0x00000000d5f00000)
  object space 59392K, 11% used [0x0000000081c00000,0x0000000082275758,0x0000000085600000)
 Metaspace       used 28055K, capacity 28406K, committed 28672K, reserved 1075200K
  class space    used 3394K, capacity 3481K, committed 3584K, reserved 1048576K
Event: 2.445 GC heap after
Heap after GC invocations=6 (full 1):
 PSYoungGen      total 71680K, used 5106K [0x00000000d5f00000, 0x00000000dd080000, 0x0000000100000000)
  eden space 66560K, 0% used [0x00000000d5f00000,0x00000000d5f00000,0x00000000da000000)
  from space 5120K, 99% used [0x00000000da000000,0x00000000da4fc990,0x00000000da500000)
  to   space 8704K, 0% used [0x00000000dc800000,0x00000000dc800000,0x00000000dd080000)
 ParOldGen       total 59392K, used 9139K [0x0000000081c00000, 0x0000000085600000, 0x00000000d5f00000)
  object space 59392K, 15% used [0x0000000081c00000,0x00000000824ecd38,0x0000000085600000)
 Metaspace       used 28055K, capacity 28406K, committed 28672K, reserved 1075200K
  class space    used 3394K, capacity 3481K, committed 3584K, reserved 1048576K
}

